nohup: ignoring input

Collecting usage statistics. To deactivate, set browser.gatherUsageStats to false.

2026-05-21 07:38:31.712 Uvicorn server started on 0.0.0.0:8501

  You can now view your Streamlit app in your browser.

  Local URL: http://localhost:8501
  Network URL: http://172.26.14.254:8501
  External URL: http://43.202.40.117:8501

2026-05-21 07:39:03.002 Script compilation error
Traceback (most recent call last):
  File "/home/ubuntu/.local/lib/python3.10/site-packages/streamlit/runtime/scriptrunner/script_runner.py", line 591, in _run_script
    code = self._script_cache.get_bytecode(script_path)
  File "/home/ubuntu/.local/lib/python3.10/site-packages/streamlit/runtime/scriptrunner/script_cache.py", line 72, in get_bytecode
    filebody = magic.add_magic(filebody, script_path)
  File "/home/ubuntu/.local/lib/python3.10/site-packages/streamlit/runtime/scriptrunner/magic.py", line 45, in add_magic
    tree = ast.parse(code, script_path, "exec")
  File "/usr/lib/python3.10/ast.py", line 50, in parse
    return compile(source, filename, mode, flags,
  File "/home/ubuntu/main.py", line 7
    import streamlit as st
IndentationError: unexpected indent
2026-05-21 07:39:03.025 Thread 'MainThread': missing ScriptRunContext! This warning can be ignored when running in bare mode.
2026-05-21 07:39:04.427 Script compilation error
Traceback (most recent call last):
  File "/home/ubuntu/.local/lib/python3.10/site-packages/streamlit/runtime/scriptrunner/script_runner.py", line 591, in _run_script
    code = self._script_cache.get_bytecode(script_path)
  File "/home/ubuntu/.local/lib/python3.10/site-packages/streamlit/runtime/scriptrunner/script_cache.py", line 72, in get_bytecode
    filebody = magic.add_magic(filebody, script_path)
  File "/home/ubuntu/.local/lib/python3.10/site-packages/streamlit/runtime/scriptrunner/magic.py", line 45, in add_magic
    tree = ast.parse(code, script_path, "exec")
  File "/usr/lib/python3.10/ast.py", line 50, in parse
    return compile(source, filename, mode, flags,
  File "/home/ubuntu/main.py", line 7
    import streamlit as st
IndentationError: unexpected indent
2026-05-21 07:39:04.431 Thread 'MainThread': missing ScriptRunContext! This warning can be ignored when running in bare mode.
Invalid HTTP request received.
2026-05-21 07:52:12.748 Script compilation error
Traceback (most recent call last):
  File "/home/ubuntu/.local/lib/python3.10/site-packages/streamlit/runtime/scriptrunner/script_runner.py", line 591, in _run_script
    code = self._script_cache.get_bytecode(script_path)
  File "/home/ubuntu/.local/lib/python3.10/site-packages/streamlit/runtime/scriptrunner/script_cache.py", line 72, in get_bytecode
    filebody = magic.add_magic(filebody, script_path)
  File "/home/ubuntu/.local/lib/python3.10/site-packages/streamlit/runtime/scriptrunner/magic.py", line 45, in add_magic
    tree = ast.parse(code, script_path, "exec")
  File "/usr/lib/python3.10/ast.py", line 50, in parse
    return compile(source, filename, mode, flags,
  File "/home/ubuntu/main.py", line 7
    import streamlit as st
IndentationError: unexpected indent
2026-05-21 07:52:12.750 Thread 'MainThread': missing ScriptRunContext! This warning can be ignored when running in bare mode.
  Stopping...
